<?xml version="1.0" encoding="UTF-8"?>
<!-- Generated by org.testng.reporters.JUnitReportReporter -->
<testsuite hostname="Jijos-MacBook-Air.local" failures="0" tests="1" name="com.SauceDemo.scripts.TestClassLogout" time="1.519" errors="0" timestamp="2022-11-14T15:22:47 IST" skipped="0">
  <testcase classname="com.SauceDemo.scripts.TestClassLogout" name="TC09_verifyLogout" time="1.519"/>
  <system-out/>
</testsuite> <!-- com.SauceDemo.scripts.TestClassLogout -->
