<?xml version="1.0" encoding="UTF-8"?>
<!-- Generated by org.testng.reporters.JUnitReportReporter -->
<testsuite hostname="Jijos-MacBook-Air.local" failures="0" tests="1" name="com.SauceDemo.scripts.TestClassLogin" time="1.556" errors="0" timestamp="2022-11-14T15:22:47 IST" skipped="0">
  <testcase classname="com.SauceDemo.scripts.TestClassLogin" name="TC01_verifyValidLogin" time="1.556"/>
  <system-out/>
</testsuite> <!-- com.SauceDemo.scripts.TestClassLogin -->
