<?xml version="1.0" encoding="UTF-8"?>
<!-- Generated by org.testng.reporters.JUnitReportReporter -->
<testsuite hostname="Jijos-MacBook-Air.local" failures="0" tests="1" name="com.SauceDemo.scripts.TestClass1Login" time="5.531" errors="0" timestamp="2022-11-11T23:43:54 IST" skipped="0">
  <testcase classname="com.SauceDemo.scripts.TestClass1Login" name="TC01_verifyValidLogin" time="5.531"/>
  <system-out/>
</testsuite> <!-- com.SauceDemo.scripts.TestClass1Login -->
