<?xml version="1.0" encoding="UTF-8"?>
<!-- Generated by org.testng.reporters.JUnitReportReporter -->
<testsuite hostname="Jijos-MacBook-Air.local" failures="0" tests="2" name="com.SauceDemo.scripts.TestClassInventory" time="4.464" errors="0" timestamp="2022-11-14T15:22:47 IST" skipped="0">
  <testcase classname="com.SauceDemo.scripts.TestClassInventory" name="TC02_verifyAddtocart" time="2.133"/>
  <system-out/>
  <testcase classname="com.SauceDemo.scripts.TestClassInventory" name="TC03_verifyRemoveFromCart" time="2.331"/>
  <system-out/>
</testsuite> <!-- com.SauceDemo.scripts.TestClassInventory -->
