<?xml version="1.0" encoding="UTF-8"?>
<!-- Generated by org.testng.reporters.JUnitReportReporter -->
<testsuite hostname="Jijos-MacBook-Air.local" failures="0" tests="2" name="com.SauceDemo.scripts.TestClassCart" time="1.409" errors="0" timestamp="2022-11-14T15:22:47 IST" skipped="0">
  <testcase classname="com.SauceDemo.scripts.TestClassCart" name="TC04_verifyItemsCart" time="1.301"/>
  <system-out/>
  <testcase classname="com.SauceDemo.scripts.TestClassCart" name="TC05_verifyCheckoutBtn" time="0.108"/>
  <system-out/>
</testsuite> <!-- com.SauceDemo.scripts.TestClassCart -->
