<?xml version="1.0" encoding="UTF-8"?>
<!-- Generated by org.testng.reporters.JUnitReportReporter -->
<testsuite hostname="Jijos-MacBook-Air.local" failures="0" tests="1" name="com.SauceDemo.scripts.TestClassCheckOutStepTwo" time="11.563" errors="0" timestamp="2022-11-14T15:22:47 IST" skipped="0">
  <testcase classname="com.SauceDemo.scripts.TestClassCheckOutStepTwo" name="TC07_verifyCheckOutStepTwo" time="11.563"/>
  <system-out/>
</testsuite> <!-- com.SauceDemo.scripts.TestClassCheckOutStepTwo -->
